0 info it worked if it ends with ok
1 verbose cli [ 'C:\\Program Files\\nodejs\\node.exe',
1 verbose cli   'C:\\Users\\Ghufran (Official)\\AppData\\Roaming\\npm\\node_modules\\npm\\bin\\npm-cli.js',
1 verbose cli   'run',
1 verbose cli   'dev' ]
2 info using npm@3.10.10
3 info using node@v8.12.0
4 verbose run-script [ 'predev', 'dev', 'postdev' ]
5 info lifecycle devconnector@1.0.0~predev: devconnector@1.0.0
6 silly lifecycle devconnector@1.0.0~predev: no script for predev, continuing
7 info lifecycle devconnector@1.0.0~dev: devconnector@1.0.0
8 verbose lifecycle devconnector@1.0.0~dev: unsafe-perm in lifecycle true
9 verbose lifecycle devconnector@1.0.0~dev: PATH: C:\Users\Ghufran (Official)\AppData\Roaming\npm\node_modules\npm\bin\node-gyp-bin;D:\ReactProjects\TraversyMedia\devconnector_S2\node_modules\.bin;C:\Program Files (x86)\Common Files\Oracle\Java\javapath;C:\Python27\;C:\Python27\Scripts;C:\Program Files\Docker\Docker\Resources\bin;C:\WINDOWS\system32;C:\WINDOWS;C:\WINDOWS\System32\Wbem;C:\WINDOWS\System32\WindowsPowerShell\v1.0\;C:\Program Files\Git\cmd;C:\Go\bin;C:\Program Files\Geth;C:\Program Files\nodejs\;C:\wamp64\bin\php\php7.1.9;C:\ProgramData\ComposerSetup\bin;C:\Program Files\PuTTY\;C:\Program Files (x86)\Yarn\bin\;C:\ProgramData\chocolatey\bin;C:\Program Files\ffmpeg\bin;C:\Users\Ghufran (Official)\AppData\Local\Microsoft\WindowsApps;C:\Program Files\Microsoft VS Code\bin;C:\Go\bin;C:\fabric-tools;C:\Users\Ghufran (Official)\AppData\Roaming\npm;C:\Users\Ghufran (Official)\AppData\Roaming\Composer\vendor\bin;C:\Users\Ghufran (Official)\AppData\Local\atom\bin;C:\Users\Ghufran (Official)\AppData\Local\Yarn\bin;C:\Users\Ghufran (Official)\AppData\Local\.meteor;C:\Program Files\GPAC
10 verbose lifecycle devconnector@1.0.0~dev: CWD: D:\ReactProjects\TraversyMedia\devconnector_S2
11 silly lifecycle devconnector@1.0.0~dev: Args: [ '/d /s /c', 'concurrently "npm run server" "npm run client"' ]
12 silly lifecycle devconnector@1.0.0~dev: Returned: code: 1  signal: null
13 info lifecycle devconnector@1.0.0~dev: Failed to exec dev script
14 verbose stack Error: devconnector@1.0.0 dev: `concurrently "npm run server" "npm run client"`
14 verbose stack Exit status 1
14 verbose stack     at EventEmitter.<anonymous> (C:\Users\Ghufran (Official)\AppData\Roaming\npm\node_modules\npm\lib\utils\lifecycle.js:255:16)
14 verbose stack     at emitTwo (events.js:126:13)
14 verbose stack     at EventEmitter.emit (events.js:214:7)
14 verbose stack     at ChildProcess.<anonymous> (C:\Users\Ghufran (Official)\AppData\Roaming\npm\node_modules\npm\lib\utils\spawn.js:40:14)
14 verbose stack     at emitTwo (events.js:126:13)
14 verbose stack     at ChildProcess.emit (events.js:214:7)
14 verbose stack     at maybeClose (internal/child_process.js:915:16)
14 verbose stack     at Process.ChildProcess._handle.onexit (internal/child_process.js:209:5)
15 verbose pkgid devconnector@1.0.0
16 verbose cwd D:\ReactProjects\TraversyMedia\devconnector_S2
17 error Windows_NT 10.0.16299
18 error argv "C:\\Program Files\\nodejs\\node.exe" "C:\\Users\\Ghufran (Official)\\AppData\\Roaming\\npm\\node_modules\\npm\\bin\\npm-cli.js" "run" "dev"
19 error node v8.12.0
20 error npm  v3.10.10
21 error code ELIFECYCLE
22 error devconnector@1.0.0 dev: `concurrently "npm run server" "npm run client"`
22 error Exit status 1
23 error Failed at the devconnector@1.0.0 dev script 'concurrently "npm run server" "npm run client"'.
23 error Make sure you have the latest version of node.js and npm installed.
23 error If you do, this is most likely a problem with the devconnector package,
23 error not with npm itself.
23 error Tell the author that this fails on your system:
23 error     concurrently "npm run server" "npm run client"
23 error You can get information on how to open an issue for this project with:
23 error     npm bugs devconnector
23 error Or if that isn't available, you can get their info via:
23 error     npm owner ls devconnector
23 error There is likely additional logging output above.
24 verbose exit [ 1, true ]
